<?xml version="1.0" encoding="UTF-8"?>
<testsuite xmlns:xsi="http://www.w3.org/2001/XMLSchema-instance" xsi:noNamespaceSchemaLocation="https://maven.apache.org/surefire/maven-surefire-plugin/xsd/surefire-test-report-3.0.xsd" version="3.0" name="runner.runTest" time="55.018" tests="14" errors="0" skipped="0" failures="0">
  <properties>
    <property name="java.specification.version" value="17"/>
    <property name="sun.cpu.isalist" value="amd64"/>
    <property name="sun.jnu.encoding" value="Cp1252"/>
    <property name="java.class.path" value="C:\Users\Charan\eclipse-workspace\opencart_cucumber\target\test-classes;C:\Users\Charan\eclipse-workspace\opencart_cucumber\target\classes;C:\Users\Charan\.m2\repository\junit\junit\4.13.2\junit-4.13.2.jar;C:\Users\Charan\.m2\repository\org\hamcrest\hamcrest-core\1.3\hamcrest-core-1.3.jar;C:\Users\Charan\.m2\repository\io\cucumber\cucumber-java\7.14.0\cucumber-java-7.14.0.jar;C:\Users\Charan\.m2\repository\org\apiguardian\apiguardian-api\1.1.2\apiguardian-api-1.1.2.jar;C:\Users\Charan\.m2\repository\io\cucumber\cucumber-junit\7.14.0\cucumber-junit-7.14.0.jar;C:\Users\Charan\.m2\repository\io\cucumber\cucumber-core\7.14.0\cucumber-core-7.14.0.jar;C:\Users\Charan\.m2\repository\io\cucumber\cucumber-gherkin\7.14.0\cucumber-gherkin-7.14.0.jar;C:\Users\Charan\.m2\repository\io\cucumber\cucumber-gherkin-messages\7.14.0\cucumber-gherkin-messages-7.14.0.jar;C:\Users\Charan\.m2\repository\io\cucumber\gherkin\26.2.0\gherkin-26.2.0.jar;C:\Users\Charan\.m2\repository\io\cucumber\messages\22.0.0\messages-22.0.0.jar;C:\Users\Charan\.m2\repository\io\cucumber\tag-expressions\5.0.6\tag-expressions-5.0.6.jar;C:\Users\Charan\.m2\repository\io\cucumber\cucumber-expressions\16.1.2\cucumber-expressions-16.1.2.jar;C:\Users\Charan\.m2\repository\io\cucumber\datatable\7.14.0\datatable-7.14.0.jar;C:\Users\Charan\.m2\repository\io\cucumber\cucumber-plugin\7.14.0\cucumber-plugin-7.14.0.jar;C:\Users\Charan\.m2\repository\io\cucumber\docstring\7.14.0\docstring-7.14.0.jar;C:\Users\Charan\.m2\repository\io\cucumber\html-formatter\20.4.0\html-formatter-20.4.0.jar;C:\Users\Charan\.m2\repository\io\cucumber\junit-xml-formatter\0.2.0\junit-xml-formatter-0.2.0.jar;C:\Users\Charan\.m2\repository\io\cucumber\ci-environment\9.2.0\ci-environment-9.2.0.jar;C:\Users\Charan\.m2\repository\org\seleniumhq\selenium\selenium-java\4.14.1\selenium-java-4.14.1.jar;C:\Users\Charan\.m2\repository\org\seleniumhq\selenium\selenium-api\4.14.1\selenium-api-4.14.1.jar;C:\Users\Charan\.m2\repository\org\seleniumhq\selenium\selenium-chrome-driver\4.14.1\selenium-chrome-driver-4.14.1.jar;C:\Users\Charan\.m2\repository\com\google\auto\service\auto-service-annotations\1.1.1\auto-service-annotations-1.1.1.jar;C:\Users\Charan\.m2\repository\com\google\guava\guava\32.1.2-jre\guava-32.1.2-jre.jar;C:\Users\Charan\.m2\repository\com\google\guava\failureaccess\1.0.1\failureaccess-1.0.1.jar;C:\Users\Charan\.m2\repository\com\google\guava\listenablefuture\9999.0-empty-to-avoid-conflict-with-guava\listenablefuture-9999.0-empty-to-avoid-conflict-with-guava.jar;C:\Users\Charan\.m2\repository\com\google\code\findbugs\jsr305\3.0.2\jsr305-3.0.2.jar;C:\Users\Charan\.m2\repository\org\checkerframework\checker-qual\3.33.0\checker-qual-3.33.0.jar;C:\Users\Charan\.m2\repository\com\google\errorprone\error_prone_annotations\2.18.0\error_prone_annotations-2.18.0.jar;C:\Users\Charan\.m2\repository\com\google\j2objc\j2objc-annotations\2.8\j2objc-annotations-2.8.jar;C:\Users\Charan\.m2\repository\org\seleniumhq\selenium\selenium-chromium-driver\4.14.1\selenium-chromium-driver-4.14.1.jar;C:\Users\Charan\.m2\repository\org\seleniumhq\selenium\selenium-json\4.14.1\selenium-json-4.14.1.jar;C:\Users\Charan\.m2\repository\org\seleniumhq\selenium\selenium-manager\4.14.1\selenium-manager-4.14.1.jar;C:\Users\Charan\.m2\repository\org\seleniumhq\selenium\selenium-devtools-v116\4.14.1\selenium-devtools-v116-4.14.1.jar;C:\Users\Charan\.m2\repository\org\seleniumhq\selenium\selenium-devtools-v117\4.14.1\selenium-devtools-v117-4.14.1.jar;C:\Users\Charan\.m2\repository\org\seleniumhq\selenium\selenium-devtools-v118\4.14.1\selenium-devtools-v118-4.14.1.jar;C:\Users\Charan\.m2\repository\org\seleniumhq\selenium\selenium-devtools-v85\4.14.1\selenium-devtools-v85-4.14.1.jar;C:\Users\Charan\.m2\repository\org\seleniumhq\selenium\selenium-edge-driver\4.14.1\selenium-edge-driver-4.14.1.jar;C:\Users\Charan\.m2\repository\org\seleniumhq\selenium\selenium-firefox-driver\4.14.1\selenium-firefox-driver-4.14.1.jar;C:\Users\Charan\.m2\repository\org\seleniumhq\selenium\selenium-http\4.14.1\selenium-http-4.14.1.jar;C:\Users\Charan\.m2\repository\dev\failsafe\failsafe\3.3.2\failsafe-3.3.2.jar;C:\Users\Charan\.m2\repository\org\seleniumhq\selenium\selenium-ie-driver\4.14.1\selenium-ie-driver-4.14.1.jar;C:\Users\Charan\.m2\repository\org\seleniumhq\selenium\selenium-remote-driver\4.14.1\selenium-remote-driver-4.14.1.jar;C:\Users\Charan\.m2\repository\io\opentelemetry\opentelemetry-api\1.28.0\opentelemetry-api-1.28.0.jar;C:\Users\Charan\.m2\repository\io\opentelemetry\opentelemetry-context\1.28.0\opentelemetry-context-1.28.0.jar;C:\Users\Charan\.m2\repository\io\opentelemetry\opentelemetry-exporter-logging\1.28.0\opentelemetry-exporter-logging-1.28.0.jar;C:\Users\Charan\.m2\repository\io\opentelemetry\opentelemetry-sdk-metrics\1.28.0\opentelemetry-sdk-metrics-1.28.0.jar;C:\Users\Charan\.m2\repository\io\opentelemetry\opentelemetry-extension-incubator\1.28.0-alpha\opentelemetry-extension-incubator-1.28.0-alpha.jar;C:\Users\Charan\.m2\repository\io\opentelemetry\opentelemetry-sdk-logs\1.28.0\opentelemetry-sdk-logs-1.28.0.jar;C:\Users\Charan\.m2\repository\io\opentelemetry\opentelemetry-sdk-common\1.28.0\opentelemetry-sdk-common-1.28.0.jar;C:\Users\Charan\.m2\repository\io\opentelemetry\opentelemetry-sdk-extension-autoconfigure-spi\1.28.0\opentelemetry-sdk-extension-autoconfigure-spi-1.28.0.jar;C:\Users\Charan\.m2\repository\io\opentelemetry\opentelemetry-sdk-extension-autoconfigure\1.28.0\opentelemetry-sdk-extension-autoconfigure-1.28.0.jar;C:\Users\Charan\.m2\repository\io\opentelemetry\opentelemetry-api-events\1.28.0-alpha\opentelemetry-api-events-1.28.0-alpha.jar;C:\Users\Charan\.m2\repository\io\opentelemetry\opentelemetry-sdk-trace\1.28.0\opentelemetry-sdk-trace-1.28.0.jar;C:\Users\Charan\.m2\repository\io\opentelemetry\opentelemetry-sdk\1.28.0\opentelemetry-sdk-1.28.0.jar;C:\Users\Charan\.m2\repository\io\opentelemetry\opentelemetry-semconv\1.28.0-alpha\opentelemetry-semconv-1.28.0-alpha.jar;C:\Users\Charan\.m2\repository\net\bytebuddy\byte-buddy\1.14.5\byte-buddy-1.14.5.jar;C:\Users\Charan\.m2\repository\org\seleniumhq\selenium\selenium-os\4.14.1\selenium-os-4.14.1.jar;C:\Users\Charan\.m2\repository\org\apache\commons\commons-exec\1.3\commons-exec-1.3.jar;C:\Users\Charan\.m2\repository\org\seleniumhq\selenium\selenium-safari-driver\4.14.1\selenium-safari-driver-4.14.1.jar;C:\Users\Charan\.m2\repository\org\seleniumhq\selenium\selenium-support\4.14.1\selenium-support-4.14.1.jar;"/>
    <property name="java.vm.vendor" value="Oracle Corporation"/>
    <property name="sun.arch.data.model" value="64"/>
    <property name="user.variant" value=""/>
    <property name="java.vendor.url" value="https://java.oracle.com/"/>
    <property name="user.timezone" value="Asia/Calcutta"/>
    <property name="os.name" value="Windows 11"/>
    <property name="java.vm.specification.version" value="17"/>
    <property name="sun.java.launcher" value="SUN_STANDARD"/>
    <property name="user.country" value="IN"/>
    <property name="sun.boot.library.path" value="C:\Program Files\Java\jdk-17\bin"/>
    <property name="sun.java.command" value="C:\Users\Charan\AppData\Local\Temp\surefire12737781044724022006\surefirebooter-20231029235613593_3.jar C:\Users\Charan\AppData\Local\Temp\surefire12737781044724022006 2023-10-29T23-56-13_342-jvmRun1 surefire-20231029235613593_1tmp surefire_0-20231029235613593_2tmp"/>
    <property name="jdk.debug" value="release"/>
    <property name="surefire.test.class.path" value="C:\Users\Charan\eclipse-workspace\opencart_cucumber\target\test-classes;C:\Users\Charan\eclipse-workspace\opencart_cucumber\target\classes;C:\Users\Charan\.m2\repository\junit\junit\4.13.2\junit-4.13.2.jar;C:\Users\Charan\.m2\repository\org\hamcrest\hamcrest-core\1.3\hamcrest-core-1.3.jar;C:\Users\Charan\.m2\repository\io\cucumber\cucumber-java\7.14.0\cucumber-java-7.14.0.jar;C:\Users\Charan\.m2\repository\org\apiguardian\apiguardian-api\1.1.2\apiguardian-api-1.1.2.jar;C:\Users\Charan\.m2\repository\io\cucumber\cucumber-junit\7.14.0\cucumber-junit-7.14.0.jar;C:\Users\Charan\.m2\repository\io\cucumber\cucumber-core\7.14.0\cucumber-core-7.14.0.jar;C:\Users\Charan\.m2\repository\io\cucumber\cucumber-gherkin\7.14.0\cucumber-gherkin-7.14.0.jar;C:\Users\Charan\.m2\repository\io\cucumber\cucumber-gherkin-messages\7.14.0\cucumber-gherkin-messages-7.14.0.jar;C:\Users\Charan\.m2\repository\io\cucumber\gherkin\26.2.0\gherkin-26.2.0.jar;C:\Users\Charan\.m2\repository\io\cucumber\messages\22.0.0\messages-22.0.0.jar;C:\Users\Charan\.m2\repository\io\cucumber\tag-expressions\5.0.6\tag-expressions-5.0.6.jar;C:\Users\Charan\.m2\repository\io\cucumber\cucumber-expressions\16.1.2\cucumber-expressions-16.1.2.jar;C:\Users\Charan\.m2\repository\io\cucumber\datatable\7.14.0\datatable-7.14.0.jar;C:\Users\Charan\.m2\repository\io\cucumber\cucumber-plugin\7.14.0\cucumber-plugin-7.14.0.jar;C:\Users\Charan\.m2\repository\io\cucumber\docstring\7.14.0\docstring-7.14.0.jar;C:\Users\Charan\.m2\repository\io\cucumber\html-formatter\20.4.0\html-formatter-20.4.0.jar;C:\Users\Charan\.m2\repository\io\cucumber\junit-xml-formatter\0.2.0\junit-xml-formatter-0.2.0.jar;C:\Users\Charan\.m2\repository\io\cucumber\ci-environment\9.2.0\ci-environment-9.2.0.jar;C:\Users\Charan\.m2\repository\org\seleniumhq\selenium\selenium-java\4.14.1\selenium-java-4.14.1.jar;C:\Users\Charan\.m2\repository\org\seleniumhq\selenium\selenium-api\4.14.1\selenium-api-4.14.1.jar;C:\Users\Charan\.m2\repository\org\seleniumhq\selenium\selenium-chrome-driver\4.14.1\selenium-chrome-driver-4.14.1.jar;C:\Users\Charan\.m2\repository\com\google\auto\service\auto-service-annotations\1.1.1\auto-service-annotations-1.1.1.jar;C:\Users\Charan\.m2\repository\com\google\guava\guava\32.1.2-jre\guava-32.1.2-jre.jar;C:\Users\Charan\.m2\repository\com\google\guava\failureaccess\1.0.1\failureaccess-1.0.1.jar;C:\Users\Charan\.m2\repository\com\google\guava\listenablefuture\9999.0-empty-to-avoid-conflict-with-guava\listenablefuture-9999.0-empty-to-avoid-conflict-with-guava.jar;C:\Users\Charan\.m2\repository\com\google\code\findbugs\jsr305\3.0.2\jsr305-3.0.2.jar;C:\Users\Charan\.m2\repository\org\checkerframework\checker-qual\3.33.0\checker-qual-3.33.0.jar;C:\Users\Charan\.m2\repository\com\google\errorprone\error_prone_annotations\2.18.0\error_prone_annotations-2.18.0.jar;C:\Users\Charan\.m2\repository\com\google\j2objc\j2objc-annotations\2.8\j2objc-annotations-2.8.jar;C:\Users\Charan\.m2\repository\org\seleniumhq\selenium\selenium-chromium-driver\4.14.1\selenium-chromium-driver-4.14.1.jar;C:\Users\Charan\.m2\repository\org\seleniumhq\selenium\selenium-json\4.14.1\selenium-json-4.14.1.jar;C:\Users\Charan\.m2\repository\org\seleniumhq\selenium\selenium-manager\4.14.1\selenium-manager-4.14.1.jar;C:\Users\Charan\.m2\repository\org\seleniumhq\selenium\selenium-devtools-v116\4.14.1\selenium-devtools-v116-4.14.1.jar;C:\Users\Charan\.m2\repository\org\seleniumhq\selenium\selenium-devtools-v117\4.14.1\selenium-devtools-v117-4.14.1.jar;C:\Users\Charan\.m2\repository\org\seleniumhq\selenium\selenium-devtools-v118\4.14.1\selenium-devtools-v118-4.14.1.jar;C:\Users\Charan\.m2\repository\org\seleniumhq\selenium\selenium-devtools-v85\4.14.1\selenium-devtools-v85-4.14.1.jar;C:\Users\Charan\.m2\repository\org\seleniumhq\selenium\selenium-edge-driver\4.14.1\selenium-edge-driver-4.14.1.jar;C:\Users\Charan\.m2\repository\org\seleniumhq\selenium\selenium-firefox-driver\4.14.1\selenium-firefox-driver-4.14.1.jar;C:\Users\Charan\.m2\repository\org\seleniumhq\selenium\selenium-http\4.14.1\selenium-http-4.14.1.jar;C:\Users\Charan\.m2\repository\dev\failsafe\failsafe\3.3.2\failsafe-3.3.2.jar;C:\Users\Charan\.m2\repository\org\seleniumhq\selenium\selenium-ie-driver\4.14.1\selenium-ie-driver-4.14.1.jar;C:\Users\Charan\.m2\repository\org\seleniumhq\selenium\selenium-remote-driver\4.14.1\selenium-remote-driver-4.14.1.jar;C:\Users\Charan\.m2\repository\io\opentelemetry\opentelemetry-api\1.28.0\opentelemetry-api-1.28.0.jar;C:\Users\Charan\.m2\repository\io\opentelemetry\opentelemetry-context\1.28.0\opentelemetry-context-1.28.0.jar;C:\Users\Charan\.m2\repository\io\opentelemetry\opentelemetry-exporter-logging\1.28.0\opentelemetry-exporter-logging-1.28.0.jar;C:\Users\Charan\.m2\repository\io\opentelemetry\opentelemetry-sdk-metrics\1.28.0\opentelemetry-sdk-metrics-1.28.0.jar;C:\Users\Charan\.m2\repository\io\opentelemetry\opentelemetry-extension-incubator\1.28.0-alpha\opentelemetry-extension-incubator-1.28.0-alpha.jar;C:\Users\Charan\.m2\repository\io\opentelemetry\opentelemetry-sdk-logs\1.28.0\opentelemetry-sdk-logs-1.28.0.jar;C:\Users\Charan\.m2\repository\io\opentelemetry\opentelemetry-sdk-common\1.28.0\opentelemetry-sdk-common-1.28.0.jar;C:\Users\Charan\.m2\repository\io\opentelemetry\opentelemetry-sdk-extension-autoconfigure-spi\1.28.0\opentelemetry-sdk-extension-autoconfigure-spi-1.28.0.jar;C:\Users\Charan\.m2\repository\io\opentelemetry\opentelemetry-sdk-extension-autoconfigure\1.28.0\opentelemetry-sdk-extension-autoconfigure-1.28.0.jar;C:\Users\Charan\.m2\repository\io\opentelemetry\opentelemetry-api-events\1.28.0-alpha\opentelemetry-api-events-1.28.0-alpha.jar;C:\Users\Charan\.m2\repository\io\opentelemetry\opentelemetry-sdk-trace\1.28.0\opentelemetry-sdk-trace-1.28.0.jar;C:\Users\Charan\.m2\repository\io\opentelemetry\opentelemetry-sdk\1.28.0\opentelemetry-sdk-1.28.0.jar;C:\Users\Charan\.m2\repository\io\opentelemetry\opentelemetry-semconv\1.28.0-alpha\opentelemetry-semconv-1.28.0-alpha.jar;C:\Users\Charan\.m2\repository\net\bytebuddy\byte-buddy\1.14.5\byte-buddy-1.14.5.jar;C:\Users\Charan\.m2\repository\org\seleniumhq\selenium\selenium-os\4.14.1\selenium-os-4.14.1.jar;C:\Users\Charan\.m2\repository\org\apache\commons\commons-exec\1.3\commons-exec-1.3.jar;C:\Users\Charan\.m2\repository\org\seleniumhq\selenium\selenium-safari-driver\4.14.1\selenium-safari-driver-4.14.1.jar;C:\Users\Charan\.m2\repository\org\seleniumhq\selenium\selenium-support\4.14.1\selenium-support-4.14.1.jar;"/>
    <property name="sun.cpu.endian" value="little"/>
    <property name="user.home" value="C:\Users\Charan"/>
    <property name="user.language" value="en"/>
    <property name="java.specification.vendor" value="Oracle Corporation"/>
    <property name="java.version.date" value="2023-07-18"/>
    <property name="java.home" value="C:\Program Files\Java\jdk-17"/>
    <property name="file.separator" value="\"/>
    <property name="basedir" value="C:\Users\Charan\eclipse-workspace\opencart_cucumber"/>
    <property name="java.vm.compressedOopsMode" value="32-bit"/>
    <property name="line.separator" value="&#10;"/>
    <property name="java.vm.specification.vendor" value="Oracle Corporation"/>
    <property name="java.specification.name" value="Java Platform API Specification"/>
    <property name="surefire.real.class.path" value="C:\Users\Charan\AppData\Local\Temp\surefire12737781044724022006\surefirebooter-20231029235613593_3.jar"/>
    <property name="user.script" value=""/>
    <property name="sun.management.compiler" value="HotSpot 64-Bit Tiered Compilers"/>
    <property name="java.runtime.version" value="17.0.8+9-LTS-211"/>
    <property name="user.name" value="Charan"/>
    <property name="path.separator" value=";"/>
    <property name="os.version" value="10.0"/>
    <property name="java.runtime.name" value="Java(TM) SE Runtime Environment"/>
    <property name="file.encoding" value="Cp1252"/>
    <property name="java.vm.name" value="Java HotSpot(TM) 64-Bit Server VM"/>
    <property name="localRepository" value="C:\Users\Charan\.m2\repository"/>
    <property name="java.vendor.url.bug" value="https://bugreport.java.com/bugreport/"/>
    <property name="java.io.tmpdir" value="C:\Users\Charan\AppData\Local\Temp\"/>
    <property name="java.version" value="17.0.8"/>
    <property name="user.dir" value="C:\Users\Charan\eclipse-workspace\opencart_cucumber"/>
    <property name="os.arch" value="amd64"/>
    <property name="java.vm.specification.name" value="Java Virtual Machine Specification"/>
    <property name="sun.os.patch.level" value=""/>
    <property name="native.encoding" value="Cp1252"/>
    <property name="java.library.path" value="C:\Program Files\Java\jdk-17\bin;C:\WINDOWS\Sun\Java\bin;C:\WINDOWS\system32;C:\WINDOWS;C:\python\python392\Scripts\;C:\python\python392\;C:\Program Files\Common Files\Oracle\Java\javapath;C:\WINDOWS\system32;C:\WINDOWS;C:\WINDOWS\System32\Wbem;C:\WINDOWS\System32\WindowsPowerShell\v1.0\;C:\WINDOWS\System32\OpenSSH\;C:\Program Files\Java\jdk-15.0.1\bin;C:\Program Files\MySQL\MySQL Server 8.0\bin;C:\WINDOWS\system32;C:\WINDOWS;C:\WINDOWS\System32\Wbem;C:\WINDOWS\System32\WindowsPowerShell\v1.0\;C:\WINDOWS\System32\OpenSSH\;C:\Program Files\Java\jdk-20\bin;C:\apache-maven-3.9.4\bin;C:\Program Files\Java\jdk-17\bin;C:\Program Files\nodejs\;C:\Program Files\dotnet\;C:\Users\Charan\AppData\Local\Programs\Python\Python38\Scripts\;C:\Users\Charan\AppData\Local\Programs\Python\Python38\;C:\Users\Charan\AppData\Local\Microsoft\WindowsApps;C:\Users\Charan\AppData\Roaming\npm;."/>
    <property name="java.vm.info" value="mixed mode, sharing"/>
    <property name="java.vendor" value="Oracle Corporation"/>
    <property name="java.vm.version" value="17.0.8+9-LTS-211"/>
    <property name="sun.io.unicode.encoding" value="UnicodeLittle"/>
    <property name="java.class.version" value="61.0"/>
  </properties>
  <testcase name="Login with valid credentials #1" classname="User Login" time="4.645">
    <system-out><![CDATA[
Scenario Outline: Login with valid credentials                          &amp#27;[90m# src/test/resources/features/Login.feature:12&amp#27;[0m
  &amp#27;[32mGiven &amp#27;[0m&amp#27;[32mthe user is on the login page&amp#27;[0m                                   &amp#27;[90m# stepDefinitions.Login.the_user_is_on_the_login_page()&amp#27;[0m
  &amp#27;[32mWhen &amp#27;[0m&amp#27;[32mthe user enters a valid email &amp#27;[0m&amp#27;[32m&amp#27;[1mphani21@gmail.com&amp#27;[0m&amp#27;[32m into email field&amp#27;[0m &amp#27;[90m# stepDefinitions.Login.the_user_enters_a_valid_email_into_email_field(java.lang.String)&amp#27;[0m
  &amp#27;[32mAnd &amp#27;[0m&amp#27;[32mthe user enters a valid password &amp#27;[0m&amp#27;[32m&amp#27;[1madmin&amp#27;[0m&amp#27;[32m into password field&amp#27;[0m        &amp#27;[90m# stepDefinitions.Login.the_user_enters_a_valid_password_into_password_field(java.lang.String)&amp#27;[0m
  &amp#27;[32mAnd &amp#27;[0m&amp#27;[32mthe user clicks the login button&amp#27;[0m                                  &amp#27;[90m# stepDefinitions.Login.the_user_clicks_the_login_button()&amp#27;[0m
  &amp#27;[32mThen &amp#27;[0m&amp#27;[32mthe user should be logged in successfully&amp#27;[0m                        &amp#27;[90m# stepDefinitions.Login.the_user_should_be_logged_in_successfully()&amp#27;[0m
]]></system-out>
  </testcase>
  <testcase name="Login with valid credentials #2" classname="User Login" time="4.212">
    <system-out><![CDATA[
Scenario Outline: Login with valid credentials                          &amp#27;[90m# src/test/resources/features/Login.feature:13&amp#27;[0m
  &amp#27;[32mGiven &amp#27;[0m&amp#27;[32mthe user is on the login page&amp#27;[0m                                   &amp#27;[90m# stepDefinitions.Login.the_user_is_on_the_login_page()&amp#27;[0m
  &amp#27;[32mWhen &amp#27;[0m&amp#27;[32mthe user enters a valid email &amp#27;[0m&amp#27;[32m&amp#27;[1mphani22@gmail.com&amp#27;[0m&amp#27;[32m into email field&amp#27;[0m &amp#27;[90m# stepDefinitions.Login.the_user_enters_a_valid_email_into_email_field(java.lang.String)&amp#27;[0m
  &amp#27;[32mAnd &amp#27;[0m&amp#27;[32mthe user enters a valid password &amp#27;[0m&amp#27;[32m&amp#27;[1madmin&amp#27;[0m&amp#27;[32m into password field&amp#27;[0m        &amp#27;[90m# stepDefinitions.Login.the_user_enters_a_valid_password_into_password_field(java.lang.String)&amp#27;[0m
  &amp#27;[32mAnd &amp#27;[0m&amp#27;[32mthe user clicks the login button&amp#27;[0m                                  &amp#27;[90m# stepDefinitions.Login.the_user_clicks_the_login_button()&amp#27;[0m
  &amp#27;[32mThen &amp#27;[0m&amp#27;[32mthe user should be logged in successfully&amp#27;[0m                        &amp#27;[90m# stepDefinitions.Login.the_user_should_be_logged_in_successfully()&amp#27;[0m
]]></system-out>
  </testcase>
  <testcase name="Login with valid credentials #3" classname="User Login" time="3.47">
    <system-out><![CDATA[
Scenario Outline: Login with valid credentials                          &amp#27;[90m# src/test/resources/features/Login.feature:14&amp#27;[0m
  &amp#27;[32mGiven &amp#27;[0m&amp#27;[32mthe user is on the login page&amp#27;[0m                                   &amp#27;[90m# stepDefinitions.Login.the_user_is_on_the_login_page()&amp#27;[0m
  &amp#27;[32mWhen &amp#27;[0m&amp#27;[32mthe user enters a valid email &amp#27;[0m&amp#27;[32m&amp#27;[1mphani23@gmail.com&amp#27;[0m&amp#27;[32m into email field&amp#27;[0m &amp#27;[90m# stepDefinitions.Login.the_user_enters_a_valid_email_into_email_field(java.lang.String)&amp#27;[0m
  &amp#27;[32mAnd &amp#27;[0m&amp#27;[32mthe user enters a valid password &amp#27;[0m&amp#27;[32m&amp#27;[1madmin&amp#27;[0m&amp#27;[32m into password field&amp#27;[0m        &amp#27;[90m# stepDefinitions.Login.the_user_enters_a_valid_password_into_password_field(java.lang.String)&amp#27;[0m
  &amp#27;[32mAnd &amp#27;[0m&amp#27;[32mthe user clicks the login button&amp#27;[0m                                  &amp#27;[90m# stepDefinitions.Login.the_user_clicks_the_login_button()&amp#27;[0m
  &amp#27;[32mThen &amp#27;[0m&amp#27;[32mthe user should be logged in successfully&amp#27;[0m                        &amp#27;[90m# stepDefinitions.Login.the_user_should_be_logged_in_successfully()&amp#27;[0m
]]></system-out>
  </testcase>
  <testcase name="Login with invalid credentials" classname="User Login" time="3.593">
    <system-out><![CDATA[
Scenario: Login with invalid credentials                                                              &amp#27;[90m# src/test/resources/features/Login.feature:16&amp#27;[0m
  &amp#27;[32mGiven &amp#27;[0m&amp#27;[32mthe user is on the login page&amp#27;[0m                                                                 &amp#27;[90m# stepDefinitions.Login.the_user_is_on_the_login_page()&amp#27;[0m
  &amp#27;[32mWhen &amp#27;[0m&amp#27;[32mthe user enters a invalid email into email field&amp#27;[0m                                               &amp#27;[90m# stepDefinitions.Login.the_user_enters_a_invalid_email_into_email_field()&amp#27;[0m
  &amp#27;[32mAnd &amp#27;[0m&amp#27;[32mthe user enters a invalid password &amp#27;[0m&amp#27;[32m&amp#27;[1m"adin"&amp#27;[0m&amp#27;[32m into password field&amp#27;[0m                                   &amp#27;[90m# stepDefinitions.Login.the_user_enters_a_invalid_password_into_password_field(java.lang.String)&amp#27;[0m
  &amp#27;[32mAnd &amp#27;[0m&amp#27;[32mthe user clicks the login button&amp#27;[0m                                                                &amp#27;[90m# stepDefinitions.Login.the_user_clicks_the_login_button()&amp#27;[0m
  &amp#27;[32mThen &amp#27;[0m&amp#27;[32mthe user should see an warning message &amp#27;[0m&amp#27;[32m&amp#27;[1m"Warning: No match for E-Mail Address and/or Password."&amp#27;[0m &amp#27;[90m# stepDefinitions.Login.the_user_should_see_an_warning_message(java.lang.String)&amp#27;[0m
]]></system-out>
  </testcase>
  <testcase name="Login with invalid email" classname="User Login" time="3.599">
    <system-out><![CDATA[
Scenario: Login with invalid email                                                                    &amp#27;[90m# src/test/resources/features/Login.feature:23&amp#27;[0m
  &amp#27;[32mGiven &amp#27;[0m&amp#27;[32mthe user is on the login page&amp#27;[0m                                                                 &amp#27;[90m# stepDefinitions.Login.the_user_is_on_the_login_page()&amp#27;[0m
  &amp#27;[32mWhen &amp#27;[0m&amp#27;[32mthe user enters a invalid email into email field&amp#27;[0m                                               &amp#27;[90m# stepDefinitions.Login.the_user_enters_a_invalid_email_into_email_field()&amp#27;[0m
  &amp#27;[32mAnd &amp#27;[0m&amp#27;[32mthe user enters a valid password &amp#27;[0m&amp#27;[32m&amp#27;[1m"admin"&amp#27;[0m&amp#27;[32m into password field&amp#27;[0m                                    &amp#27;[90m# stepDefinitions.Login.the_user_enters_a_valid_password_into_password_field(java.lang.String)&amp#27;[0m
  &amp#27;[32mAnd &amp#27;[0m&amp#27;[32mthe user clicks the login button&amp#27;[0m                                                                &amp#27;[90m# stepDefinitions.Login.the_user_clicks_the_login_button()&amp#27;[0m
  &amp#27;[32mThen &amp#27;[0m&amp#27;[32mthe user should see an warning message &amp#27;[0m&amp#27;[32m&amp#27;[1m"Warning: No match for E-Mail Address and/or Password."&amp#27;[0m &amp#27;[90m# stepDefinitions.Login.the_user_should_see_an_warning_message(java.lang.String)&amp#27;[0m
]]></system-out>
  </testcase>
  <testcase name="Login with invalid password" classname="User Login" time="3.456">
    <system-out><![CDATA[
Scenario: Login with invalid password                                                                 &amp#27;[90m# src/test/resources/features/Login.feature:30&amp#27;[0m
  &amp#27;[32mGiven &amp#27;[0m&amp#27;[32mthe user is on the login page&amp#27;[0m                                                                 &amp#27;[90m# stepDefinitions.Login.the_user_is_on_the_login_page()&amp#27;[0m
  &amp#27;[32mWhen &amp#27;[0m&amp#27;[32mthe user enters a valid email &amp#27;[0m&amp#27;[32m&amp#27;[1m"phajvh@gmail.com"&amp#27;[0m&amp#27;[32m into email field&amp#27;[0m                              &amp#27;[90m# stepDefinitions.Login.the_user_enters_a_valid_email_into_email_field(java.lang.String)&amp#27;[0m
  &amp#27;[32mAnd &amp#27;[0m&amp#27;[32mthe user enters a invalid password &amp#27;[0m&amp#27;[32m&amp#27;[1m"adijjbn"&amp#27;[0m&amp#27;[32m into password field&amp#27;[0m                                &amp#27;[90m# stepDefinitions.Login.the_user_enters_a_invalid_password_into_password_field(java.lang.String)&amp#27;[0m
  &amp#27;[32mAnd &amp#27;[0m&amp#27;[32mthe user clicks the login button&amp#27;[0m                                                                &amp#27;[90m# stepDefinitions.Login.the_user_clicks_the_login_button()&amp#27;[0m
  &amp#27;[32mThen &amp#27;[0m&amp#27;[32mthe user should see an warning message &amp#27;[0m&amp#27;[32m&amp#27;[1m"Warning: No match for E-Mail Address and/or Password."&amp#27;[0m &amp#27;[90m# stepDefinitions.Login.the_user_should_see_an_warning_message(java.lang.String)&amp#27;[0m
]]></system-out>
  </testcase>
  <testcase name="Login with empty Email and Password" classname="User Login" time="3.495">
    <system-out><![CDATA[
Scenario: Login with empty Email and Password                                                         &amp#27;[90m# src/test/resources/features/Login.feature:37&amp#27;[0m
  &amp#27;[32mGiven &amp#27;[0m&amp#27;[32mthe user is on the login page&amp#27;[0m                                                                 &amp#27;[90m# stepDefinitions.Login.the_user_is_on_the_login_page()&amp#27;[0m
  &amp#27;[32mWhen &amp#27;[0m&amp#27;[32mthe user leaves both email and password fields empty&amp#27;[0m                                           &amp#27;[90m# stepDefinitions.Login.the_user_leaves_both_email_and_password_fields_empty()&amp#27;[0m
  &amp#27;[32mAnd &amp#27;[0m&amp#27;[32mthe user clicks the login button&amp#27;[0m                                                                &amp#27;[90m# stepDefinitions.Login.the_user_clicks_the_login_button()&amp#27;[0m
  &amp#27;[32mThen &amp#27;[0m&amp#27;[32mthe user should see an warning message &amp#27;[0m&amp#27;[32m&amp#27;[1m"Warning: No match for E-Mail Address and/or Password."&amp#27;[0m &amp#27;[90m# stepDefinitions.Login.the_user_should_see_an_warning_message(java.lang.String)&amp#27;[0m
]]></system-out>
  </testcase>
  <testcase name="User registers with all fields" classname="User Registration" time="4.343">
    <system-out><![CDATA[
Scenario: User registers with all fields          &amp#27;[90m# src/test/resources/features/Register.feature:3&amp#27;[0m
  &amp#27;[32mGiven &amp#27;[0m&amp#27;[32mthe user is on the registration page&amp#27;[0m      &amp#27;[90m# stepDefinitions.Register.the_user_is_on_the_registration_page()&amp#27;[0m
  &amp#27;[32mWhen &amp#27;[0m&amp#27;[32mthe user enters the following information:&amp#27;[0m &amp#27;[90m# stepDefinitions.Register.the_user_enters_the_following_information(io.cucumber.datatable.DataTable)&amp#27;[0m
    | first-name | John                 |
    | last-name  | Doe                  |
    | email      | john.doe@example.com |
    | mobile     | 1234567890           |
    | password   | admin                |
  &amp#27;[32mAnd &amp#27;[0m&amp#27;[32mthe user clicks the Register button&amp#27;[0m         &amp#27;[90m# stepDefinitions.Register.the_user_clicks_the_button()&amp#27;[0m
  &amp#27;[32mThen &amp#27;[0m&amp#27;[32mthe user should be successfully registered&amp#27;[0m &amp#27;[90m# stepDefinitions.Register.the_user_should_be_successfully_registered()&amp#27;[0m
]]></system-out>
  </testcase>
  <testcase name="User registers with mandatory fields" classname="User Registration" time="4.236">
    <system-out><![CDATA[
Scenario: User registers with mandatory fields    &amp#27;[90m# src/test/resources/features/Register.feature:14&amp#27;[0m
  &amp#27;[32mGiven &amp#27;[0m&amp#27;[32mthe user is on the registration page&amp#27;[0m      &amp#27;[90m# stepDefinitions.Register.the_user_is_on_the_registration_page()&amp#27;[0m
  &amp#27;[32mWhen &amp#27;[0m&amp#27;[32mthe user enters the mandatory fields&amp#27;[0m       &amp#27;[90m# stepDefinitions.Register.the_user_enters_the_mandatory_fields(io.cucumber.datatable.DataTable)&amp#27;[0m
    | first-name | John                 |
    | last-name  | Doe                  |
    | email      | john.doe@example.com |
    | mobile     | 1234567890           |
    | password   | admin                |
  &amp#27;[32mAnd &amp#27;[0m&amp#27;[32mthe user clicks the Register button&amp#27;[0m         &amp#27;[90m# stepDefinitions.Register.the_user_clicks_the_button()&amp#27;[0m
  &amp#27;[32mThen &amp#27;[0m&amp#27;[32mthe user should be successfully registered&amp#27;[0m &amp#27;[90m# stepDefinitions.Register.the_user_should_be_successfully_registered()&amp#27;[0m
]]></system-out>
  </testcase>
  <testcase name="User registers with an existing email" classname="User Registration" time="4.275">
    <system-out><![CDATA[
Scenario: User registers with an existing email                                                            &amp#27;[90m# src/test/resources/features/Register.feature:25&amp#27;[0m
  &amp#27;[32mGiven &amp#27;[0m&amp#27;[32mthe user is on the registration page&amp#27;[0m                                                               &amp#27;[90m# stepDefinitions.Register.the_user_is_on_the_registration_page()&amp#27;[0m
  &amp#27;[32mWhen &amp#27;[0m&amp#27;[32mthe user enters the information with existing email:&amp#27;[0m                                                &amp#27;[90m# stepDefinitions.Register.the_user_enters_the_information_with_existing_email(io.cucumber.datatable.DataTable)&amp#27;[0m
    | first-name | John             |
    | last-name  | Doe              |
    | email      | phani1@gmail.com |
    | mobile     | 1234567890       |
    | password   | admin            |
  &amp#27;[32mAnd &amp#27;[0m&amp#27;[32mthe user clicks the Register button&amp#27;[0m                                                                  &amp#27;[90m# stepDefinitions.Register.the_user_clicks_the_button()&amp#27;[0m
  &amp#27;[32mThen &amp#27;[0m&amp#27;[32mthe registration should fail with an error &amp#27;[0m&amp#27;[32m&amp#27;[1m"Warning: E-Mail Address is already registered!"&amp#27;[0m&amp#27;[32m message&amp#27;[0m &amp#27;[90m# stepDefinitions.Register.the_registration_should_fail_with_an_error_message(java.lang.String)&amp#27;[0m
]]></system-out>
  </testcase>
  <testcase name="User leaves all required fields empty" classname="User Registration" time="3.468">
    <system-out><![CDATA[
Scenario: User leaves all required fields empty            &amp#27;[90m# src/test/resources/features/Register.feature:37&amp#27;[0m
  &amp#27;[32mGiven &amp#27;[0m&amp#27;[32mthe user is on the registration page&amp#27;[0m               &amp#27;[90m# stepDefinitions.Register.the_user_is_on_the_registration_page()&amp#27;[0m
  &amp#27;[32mAnd &amp#27;[0m&amp#27;[32mthe user clicks the Register button&amp#27;[0m                  &amp#27;[90m# stepDefinitions.Register.the_user_clicks_the_button()&amp#27;[0m
  &amp#27;[32mThen &amp#27;[0m&amp#27;[32mthe registration should fail with an error messages&amp#27;[0m &amp#27;[90m# stepDefinitions.Register.the_registration_should_fail_with_an_error_message()&amp#27;[0m
]]></system-out>
  </testcase>
  <testcase name="User searches for a valid product" classname="Product Search" time="3.01">
    <system-out><![CDATA[
Scenario: User searches for a valid product               &amp#27;[90m# src/test/resources/features/Search.feature:3&amp#27;[0m
  &amp#27;[32mGiven &amp#27;[0m&amp#27;[32mthe user is on the search page&amp#27;[0m                    &amp#27;[90m# stepDefinitions.Search.the_user_is_on_the_search_page()&amp#27;[0m
  &amp#27;[32mWhen &amp#27;[0m&amp#27;[32mthe user enters the valid product name &amp#27;[0m&amp#27;[32m&amp#27;[1m"Hp"&amp#27;[0m        &amp#27;[90m# stepDefinitions.Search.the_user_enters_the_valid_product_name(java.lang.String)&amp#27;[0m
  &amp#27;[32mAnd &amp#27;[0m&amp#27;[32mthe user clicks the Search button&amp#27;[0m                   &amp#27;[90m# stepDefinitions.Search.the_user_clicks_the_search_button()&amp#27;[0m
  &amp#27;[32mThen &amp#27;[0m&amp#27;[32mthe search results for product should be displayed&amp#27;[0m &amp#27;[90m# stepDefinitions.Search.the_search_results_for_product_should_be_displayed()&amp#27;[0m
]]></system-out>
  </testcase>
  <testcase name="User searches for an invalid product" classname="Product Search" time="2.99">
    <system-out><![CDATA[
Scenario: User searches for an invalid product                                                &amp#27;[90m# src/test/resources/features/Search.feature:9&amp#27;[0m
  &amp#27;[32mGiven &amp#27;[0m&amp#27;[32mthe user is on the search page&amp#27;[0m                                                        &amp#27;[90m# stepDefinitions.Search.the_user_is_on_the_search_page()&amp#27;[0m
  &amp#27;[32mWhen &amp#27;[0m&amp#27;[32mthe user enters an invalid product name &amp#27;[0m&amp#27;[32m&amp#27;[1m"XYZ123"&amp#27;[0m                                       &amp#27;[90m# stepDefinitions.Search.the_user_enters_an_invalid_product_name(java.lang.String)&amp#27;[0m
  &amp#27;[32mAnd &amp#27;[0m&amp#27;[32mthe user clicks the Search button&amp#27;[0m                                                       &amp#27;[90m# stepDefinitions.Search.the_user_clicks_the_search_button()&amp#27;[0m
  &amp#27;[32mThen &amp#27;[0m&amp#27;[32mthe search results should show &amp#27;[0m&amp#27;[32m&amp#27;[1m"There is no product that matches the search criteria."&amp#27;[0m &amp#27;[90m# stepDefinitions.Search.the_search_results_should_show(java.lang.String)&amp#27;[0m
]]></system-out>
  </testcase>
  <testcase name="User searches with an empty field" classname="Product Search" time="2.972">
    <system-out><![CDATA[
Scenario: User searches with an empty field                                                   &amp#27;[90m# src/test/resources/features/Search.feature:15&amp#27;[0m
  &amp#27;[32mGiven &amp#27;[0m&amp#27;[32mthe user is on the search page&amp#27;[0m                                                        &amp#27;[90m# stepDefinitions.Search.the_user_is_on_the_search_page()&amp#27;[0m
  &amp#27;[32mWhen &amp#27;[0m&amp#27;[32mthe user leaves the search field empty&amp#27;[0m                                                 &amp#27;[90m# stepDefinitions.Search.the_user_leaves_the_search_field_empty()&amp#27;[0m
  &amp#27;[32mAnd &amp#27;[0m&amp#27;[32mthe user clicks the Search button&amp#27;[0m                                                       &amp#27;[90m# stepDefinitions.Search.the_user_clicks_the_search_button()&amp#27;[0m
  &amp#27;[32mThen &amp#27;[0m&amp#27;[32mthe search results should show &amp#27;[0m&amp#27;[32m&amp#27;[1m"There is no product that matches the search criteria."&amp#27;[0m &amp#27;[90m# stepDefinitions.Search.the_search_results_should_show(java.lang.String)&amp#27;[0m
]]></system-out>
  </testcase>
</testsuite>